<?xml version="1.0" encoding="UTF-8"?>
<!-- Generated by org.testng.reporters.JUnitReportReporter -->
<testsuite hostname="EERO" failures="0" tests="1" name="automationExerciseAPI.GetAllProducts" time="3.503" errors="0" timestamp="2024-06-15T16:24:41 IST" skipped="0">
  <testcase classname="automationExerciseAPI.GetAllProducts" name="allProducts" time="3.503"/>
  <system-out/>
</testsuite> <!-- automationExerciseAPI.GetAllProducts -->
