<?xml version="1.0" encoding="UTF-8"?>
<!-- Generated by org.testng.reporters.JUnitReportReporter -->
<testsuite hostname="EERO" failures="0" tests="1" name="apiPractice.HotelBookingApi" time="7.661" errors="0" timestamp="2024-08-08T19:43:15 IST" skipped="0">
  <testcase classname="apiPractice.HotelBookingApi" name="bookingAPI" time="7.661"/>
  <system-out/>
</testsuite> <!-- apiPractice.HotelBookingApi -->
