<?xml version="1.0" encoding="UTF-8"?>
<!-- Generated by org.testng.reporters.JUnitReportReporter -->
<testsuite hostname="EERO" failures="0" tests="3" name="apiPractice.AddBookLibrary" time="3.916" errors="0" timestamp="2024-06-10T19:38:58 IST" skipped="0">
  <testcase classname="apiPractice.AddBookLibrary" name="testAddBook" time="0.277"/>
  <system-out/>
  <testcase classname="apiPractice.AddBookLibrary" name="testAddBook" time="3.172"/>
  <system-out/>
  <testcase classname="apiPractice.AddBookLibrary" name="testAddBook" time="0.467"/>
  <system-out/>
</testsuite> <!-- apiPractice.AddBookLibrary -->
